2025-04-02 18:33:15,374 - __main__ - ERROR - لطفاً توکن ربات را در فایل .env تنظیم کنید
2025-04-02 18:43:15,622 - __main__ - ERROR - خطا در اجرای ربات: module 'balethon' has no attribute 'events'
2025-04-02 18:45:31,868 - __main__ - ERROR - خطا در اجرای ربات: 'str' object has no attribute '__name__'
2025-04-02 18:47:11,250 - __main__ - ERROR - خطا در اجرای ربات: 'Client' object has no attribute 'set_commands'
2025-04-02 18:48:14,132 - __main__ - INFO - ربات شروع به کار کرد
2025-04-02 18:48:14,132 - __main__ - ERROR - خطا در اجرای ربات: 'Client' object has no attribute 'run_until_disconnected'
2025-04-02 18:48:59,880 - __main__ - INFO - ربات شروع به کار کرد
2025-04-02 18:48:59,884 - __main__ - ERROR - خطا در اجرای ربات: 'Client' object has no attribute 'start'
2025-04-02 18:52:40,484 - __main__ - ERROR - خطا در اجرای ربات: 'Client' object has no attribute 'event'
2025-04-02 18:53:57,428 - __main__ - INFO - ربات شروع به کار کرد
2025-04-02 18:53:57,429 - __main__ - ERROR - خطا در اجرای ربات: 'Client' object has no attribute 'start'
2025-04-02 18:59:23,700 - __main__ - ERROR - خطا در اجرای ربات: object NoneType can't be used in 'await' expression
2025-04-02 19:05:10,180 - __main__ - INFO - ربات شروع به کار کرد
2025-04-02 19:05:10,186 - __main__ - ERROR - خطا در اجرای ربات: object NoneType can't be used in 'await' expression
2025-04-02 19:11:17,436 - __main__ - INFO - ربات شروع به کار کرد
2025-04-02 19:11:22,755 - __main__ - INFO - ربات با موفقیت متوقف شد
2025-04-02 19:14:44,681 - asyncio - DEBUG - Using proactor: IocpProactor
2025-04-02 19:14:44,682 - __main__ - INFO - شروع اجرای ربات با توکن: 1975677609...
2025-04-02 19:14:44,683 - __main__ - DEBUG - Event handlers با موفقیت ثبت شدند
2025-04-02 19:14:44,683 - __main__ - INFO - در حال اتصال به سرور بله...
2025-04-02 19:14:44,951 - httpcore.connection - DEBUG - connect_tcp.started host='tapi.bale.ai' port=443 local_address=None timeout=20 socket_options=None
2025-04-02 19:14:44,996 - httpcore.connection - DEBUG - connect_tcp.complete return_value=<httpcore._backends.anyio.AnyIOStream object at 0x00000253C423C6E0>
2025-04-02 19:14:44,996 - httpcore.connection - DEBUG - start_tls.started ssl_context=<ssl.SSLContext object at 0x00000253C2F5D2E0> server_hostname='tapi.bale.ai' timeout=20
2025-04-02 19:14:45,062 - httpcore.connection - DEBUG - start_tls.complete return_value=<httpcore._backends.anyio.AnyIOStream object at 0x00000253C2FED590>
2025-04-02 19:14:45,063 - httpcore.http11 - DEBUG - send_request_headers.started request=<Request [b'GET']>
2025-04-02 19:14:45,063 - httpcore.http11 - DEBUG - send_request_headers.complete
2025-04-02 19:14:45,063 - httpcore.http11 - DEBUG - send_request_body.started request=<Request [b'GET']>
2025-04-02 19:14:45,064 - httpcore.http11 - DEBUG - send_request_body.complete
2025-04-02 19:14:45,064 - httpcore.http11 - DEBUG - receive_response_headers.started request=<Request [b'GET']>
2025-04-02 19:14:45,121 - httpcore.http11 - DEBUG - receive_response_headers.complete return_value=(b'HTTP/1.1', 200, b'OK', [(b'Date', b'Wed, 02 Apr 2025 15:44:50 GMT'), (b'Content-Type', b'application/json; charset=utf-8'), (b'Content-Length', b'117'), (b'Connection', b'keep-alive'), (b'Strict-Transport-Security', b'max-age=15724800; includeSubDomains')])
2025-04-02 19:14:45,121 - httpx - INFO - HTTP Request: GET https://tapi.bale.ai/bot1975677609:uVT1f1Z5Kzf98eRtWypJdywA6lBAD1P4GeqbCMPT/getMe "HTTP/1.1 200 OK"
2025-04-02 19:14:45,122 - httpcore.http11 - DEBUG - receive_response_body.started request=<Request [b'GET']>
2025-04-02 19:14:45,122 - httpcore.http11 - DEBUG - receive_response_body.complete
2025-04-02 19:14:45,122 - httpcore.http11 - DEBUG - response_closed.started
2025-04-02 19:14:45,123 - httpcore.http11 - DEBUG - response_closed.complete
2025-04-02 19:14:45,123 - __main__ - INFO - اتصال به سرور بله برقرار شد
2025-04-02 19:14:45,123 - __main__ - INFO - در حال شروع دریافت پیام‌ها...
2025-04-02 19:14:45,124 - httpcore.http11 - DEBUG - send_request_headers.started request=<Request [b'GET']>
2025-04-02 19:14:45,125 - httpcore.http11 - DEBUG - send_request_headers.complete
2025-04-02 19:14:45,125 - httpcore.http11 - DEBUG - send_request_body.started request=<Request [b'GET']>
2025-04-02 19:14:45,125 - httpcore.http11 - DEBUG - send_request_body.complete
2025-04-02 19:14:45,125 - httpcore.http11 - DEBUG - receive_response_headers.started request=<Request [b'GET']>
2025-04-02 19:14:45,252 - httpcore.http11 - DEBUG - receive_response_headers.complete return_value=(b'HTTP/1.1', 200, b'OK', [(b'Date', b'Wed, 02 Apr 2025 15:44:50 GMT'), (b'Content-Type', b'application/json; charset=utf-8'), (b'Content-Length', b'25'), (b'Connection', b'keep-alive'), (b'Strict-Transport-Security', b'max-age=15724800; includeSubDomains')])
2025-04-02 19:14:45,253 - httpx - INFO - HTTP Request: GET https://tapi.bale.ai/bot1975677609:uVT1f1Z5Kzf98eRtWypJdywA6lBAD1P4GeqbCMPT/deleteWebhook "HTTP/1.1 200 OK"
2025-04-02 19:14:45,253 - httpcore.http11 - DEBUG - receive_response_body.started request=<Request [b'GET']>
2025-04-02 19:14:45,254 - httpcore.http11 - DEBUG - receive_response_body.complete
2025-04-02 19:14:45,254 - httpcore.http11 - DEBUG - response_closed.started
2025-04-02 19:14:45,254 - httpcore.http11 - DEBUG - response_closed.complete
2025-04-02 19:14:45,256 - httpcore.http11 - DEBUG - send_request_headers.started request=<Request [b'POST']>
2025-04-02 19:14:45,256 - httpcore.http11 - DEBUG - send_request_headers.complete
2025-04-02 19:14:45,256 - httpcore.http11 - DEBUG - send_request_body.started request=<Request [b'POST']>
2025-04-02 19:14:45,257 - httpcore.http11 - DEBUG - send_request_body.complete
2025-04-02 19:14:45,257 - httpcore.http11 - DEBUG - receive_response_headers.started request=<Request [b'POST']>
2025-04-02 19:14:45,303 - httpcore.http11 - DEBUG - receive_response_headers.complete return_value=(b'HTTP/1.1', 200, b'OK', [(b'Date', b'Wed, 02 Apr 2025 15:44:50 GMT'), (b'Content-Type', b'application/json; charset=utf-8'), (b'Content-Length', b'23'), (b'Connection', b'keep-alive'), (b'Strict-Transport-Security', b'max-age=15724800; includeSubDomains')])
2025-04-02 19:14:45,303 - httpx - INFO - HTTP Request: POST https://tapi.bale.ai/bot1975677609:uVT1f1Z5Kzf98eRtWypJdywA6lBAD1P4GeqbCMPT/getUpdates "HTTP/1.1 200 OK"
2025-04-02 19:14:45,304 - httpcore.http11 - DEBUG - receive_response_body.started request=<Request [b'POST']>
2025-04-02 19:14:45,304 - httpcore.http11 - DEBUG - receive_response_body.complete
2025-04-02 19:14:45,305 - httpcore.http11 - DEBUG - response_closed.started
2025-04-02 19:14:45,305 - httpcore.http11 - DEBUG - response_closed.complete
2025-04-02 19:14:45,306 - httpcore.http11 - DEBUG - send_request_headers.started request=<Request [b'POST']>
2025-04-02 19:14:45,306 - httpcore.http11 - DEBUG - send_request_headers.complete
2025-04-02 19:14:45,306 - httpcore.http11 - DEBUG - send_request_body.started request=<Request [b'POST']>
2025-04-02 19:14:45,307 - httpcore.http11 - DEBUG - send_request_body.complete
2025-04-02 19:14:45,307 - httpcore.http11 - DEBUG - receive_response_headers.started request=<Request [b'POST']>
2025-04-02 19:14:45,356 - httpcore.http11 - DEBUG - receive_response_headers.complete return_value=(b'HTTP/1.1', 200, b'OK', [(b'Date', b'Wed, 02 Apr 2025 15:44:50 GMT'), (b'Content-Type', b'application/json; charset=utf-8'), (b'Content-Length', b'23'), (b'Connection', b'keep-alive'), (b'Strict-Transport-Security', b'max-age=15724800; includeSubDomains')])
2025-04-02 19:14:45,356 - httpx - INFO - HTTP Request: POST https://tapi.bale.ai/bot1975677609:uVT1f1Z5Kzf98eRtWypJdywA6lBAD1P4GeqbCMPT/getUpdates "HTTP/1.1 200 OK"
2025-04-02 19:14:45,357 - httpcore.http11 - DEBUG - receive_response_body.started request=<Request [b'POST']>
2025-04-02 19:14:45,357 - httpcore.http11 - DEBUG - receive_response_body.complete
2025-04-02 19:14:45,357 - httpcore.http11 - DEBUG - response_closed.started
2025-04-02 19:14:45,357 - httpcore.http11 - DEBUG - response_closed.complete
2025-04-02 19:14:45,358 - httpcore.http11 - DEBUG - send_request_headers.started request=<Request [b'POST']>
2025-04-02 19:14:45,359 - httpcore.http11 - DEBUG - send_request_headers.complete
2025-04-02 19:14:45,359 - httpcore.http11 - DEBUG - send_request_body.started request=<Request [b'POST']>
2025-04-02 19:14:45,359 - httpcore.http11 - DEBUG - send_request_body.complete
2025-04-02 19:14:45,359 - httpcore.http11 - DEBUG - receive_response_headers.started request=<Request [b'POST']>
2025-04-02 19:14:45,414 - httpcore.http11 - DEBUG - receive_response_headers.complete return_value=(b'HTTP/1.1', 200, b'OK', [(b'Date', b'Wed, 02 Apr 2025 15:44:51 GMT'), (b'Content-Type', b'application/json; charset=utf-8'), (b'Content-Length', b'23'), (b'Connection', b'keep-alive'), (b'Strict-Transport-Security', b'max-age=15724800; includeSubDomains')])
2025-04-02 19:14:45,415 - httpx - INFO - HTTP Request: POST https://tapi.bale.ai/bot1975677609:uVT1f1Z5Kzf98eRtWypJdywA6lBAD1P4GeqbCMPT/getUpdates "HTTP/1.1 200 OK"
2025-04-02 19:14:45,416 - httpcore.http11 - DEBUG - receive_response_body.started request=<Request [b'POST']>
2025-04-02 19:14:45,416 - httpcore.http11 - DEBUG - receive_response_body.complete
2025-04-02 19:14:45,416 - httpcore.http11 - DEBUG - response_closed.started
2025-04-02 19:14:45,417 - httpcore.http11 - DEBUG - response_closed.complete
2025-04-02 19:14:45,417 - httpcore.http11 - DEBUG - send_request_headers.started request=<Request [b'POST']>
2025-04-02 19:14:45,418 - httpcore.http11 - DEBUG - send_request_headers.complete
2025-04-02 19:14:45,418 - httpcore.http11 - DEBUG - send_request_body.started request=<Request [b'POST']>
2025-04-02 19:14:45,418 - httpcore.http11 - DEBUG - send_request_body.complete
2025-04-02 19:14:45,418 - httpcore.http11 - DEBUG - receive_response_headers.started request=<Request [b'POST']>
2025-04-02 19:14:45,621 - httpcore.http11 - DEBUG - receive_response_headers.complete return_value=(b'HTTP/1.1', 200, b'OK', [(b'Date', b'Wed, 02 Apr 2025 15:44:51 GMT'), (b'Content-Type', b'application/json; charset=utf-8'), (b'Content-Length', b'23'), (b'Connection', b'keep-alive'), (b'Strict-Transport-Security', b'max-age=15724800; includeSubDomains')])
2025-04-02 19:14:45,622 - httpx - INFO - HTTP Request: POST https://tapi.bale.ai/bot1975677609:uVT1f1Z5Kzf98eRtWypJdywA6lBAD1P4GeqbCMPT/getUpdates "HTTP/1.1 200 OK"
2025-04-02 19:14:45,622 - httpcore.http11 - DEBUG - receive_response_body.started request=<Request [b'POST']>
2025-04-02 19:14:45,622 - httpcore.http11 - DEBUG - receive_response_body.complete
2025-04-02 19:14:45,623 - httpcore.http11 - DEBUG - response_closed.started
2025-04-02 19:14:45,623 - httpcore.http11 - DEBUG - response_closed.complete
2025-04-02 19:14:45,623 - httpcore.http11 - DEBUG - send_request_headers.started request=<Request [b'POST']>
2025-04-02 19:14:45,624 - httpcore.http11 - DEBUG - send_request_headers.complete
2025-04-02 19:14:45,624 - httpcore.http11 - DEBUG - send_request_body.started request=<Request [b'POST']>
2025-04-02 19:14:45,624 - httpcore.http11 - DEBUG - send_request_body.complete
2025-04-02 19:14:45,625 - httpcore.http11 - DEBUG - receive_response_headers.started request=<Request [b'POST']>
2025-04-02 19:14:45,734 - httpcore.http11 - DEBUG - receive_response_headers.complete return_value=(b'HTTP/1.1', 200, b'OK', [(b'Date', b'Wed, 02 Apr 2025 15:44:51 GMT'), (b'Content-Type', b'application/json; charset=utf-8'), (b'Content-Length', b'23'), (b'Connection', b'keep-alive'), (b'Strict-Transport-Security', b'max-age=15724800; includeSubDomains')])
2025-04-02 19:14:45,735 - httpx - INFO - HTTP Request: POST https://tapi.bale.ai/bot1975677609:uVT1f1Z5Kzf98eRtWypJdywA6lBAD1P4GeqbCMPT/getUpdates "HTTP/1.1 200 OK"
2025-04-02 19:14:45,735 - httpcore.http11 - DEBUG - receive_response_body.started request=<Request [b'POST']>
2025-04-02 19:14:45,735 - httpcore.http11 - DEBUG - receive_response_body.complete
2025-04-02 19:14:45,736 - httpcore.http11 - DEBUG - response_closed.started
2025-04-02 19:14:45,736 - httpcore.http11 - DEBUG - response_closed.complete
2025-04-02 19:14:45,736 - httpcore.http11 - DEBUG - send_request_headers.started request=<Request [b'POST']>
2025-04-02 19:14:45,737 - httpcore.http11 - DEBUG - send_request_headers.complete
2025-04-02 19:14:45,737 - httpcore.http11 - DEBUG - send_request_body.started request=<Request [b'POST']>
2025-04-02 19:14:45,737 - httpcore.http11 - DEBUG - send_request_body.complete
2025-04-02 19:14:45,738 - httpcore.http11 - DEBUG - receive_response_headers.started request=<Request [b'POST']>
2025-04-02 19:14:45,861 - httpcore.http11 - DEBUG - receive_response_headers.complete return_value=(b'HTTP/1.1', 200, b'OK', [(b'Date', b'Wed, 02 Apr 2025 15:44:51 GMT'), (b'Content-Type', b'application/json; charset=utf-8'), (b'Content-Length', b'23'), (b'Connection', b'keep-alive'), (b'Strict-Transport-Security', b'max-age=15724800; includeSubDomains')])
2025-04-02 19:14:45,861 - httpx - INFO - HTTP Request: POST https://tapi.bale.ai/bot1975677609:uVT1f1Z5Kzf98eRtWypJdywA6lBAD1P4GeqbCMPT/getUpdates "HTTP/1.1 200 OK"
2025-04-02 19:14:45,862 - httpcore.http11 - DEBUG - receive_response_body.started request=<Request [b'POST']>
2025-04-02 19:14:45,862 - httpcore.http11 - DEBUG - receive_response_body.complete
2025-04-02 19:14:45,862 - httpcore.http11 - DEBUG - response_closed.started
2025-04-02 19:14:45,863 - httpcore.http11 - DEBUG - response_closed.complete
2025-04-02 19:14:45,863 - httpcore.http11 - DEBUG - send_request_headers.started request=<Request [b'POST']>
2025-04-02 19:14:45,864 - httpcore.http11 - DEBUG - send_request_headers.complete
2025-04-02 19:14:45,864 - httpcore.http11 - DEBUG - send_request_body.started request=<Request [b'POST']>
2025-04-02 19:14:45,865 - httpcore.http11 - DEBUG - send_request_body.complete
2025-04-02 19:14:45,865 - httpcore.http11 - DEBUG - receive_response_headers.started request=<Request [b'POST']>
2025-04-02 19:14:46,024 - httpcore.http11 - DEBUG - receive_response_headers.complete return_value=(b'HTTP/1.1', 200, b'OK', [(b'Date', b'Wed, 02 Apr 2025 15:44:51 GMT'), (b'Content-Type', b'application/json; charset=utf-8'), (b'Content-Length', b'23'), (b'Connection', b'keep-alive'), (b'Strict-Transport-Security', b'max-age=15724800; includeSubDomains')])
2025-04-02 19:14:46,025 - httpx - INFO - HTTP Request: POST https://tapi.bale.ai/bot1975677609:uVT1f1Z5Kzf98eRtWypJdywA6lBAD1P4GeqbCMPT/getUpdates "HTTP/1.1 200 OK"
2025-04-02 19:14:46,025 - httpcore.http11 - DEBUG - receive_response_body.started request=<Request [b'POST']>
2025-04-02 19:14:46,026 - httpcore.http11 - DEBUG - receive_response_body.complete
2025-04-02 19:14:46,026 - httpcore.http11 - DEBUG - response_closed.started
2025-04-02 19:14:46,026 - httpcore.http11 - DEBUG - response_closed.complete
2025-04-02 19:14:46,027 - httpcore.http11 - DEBUG - send_request_headers.started request=<Request [b'POST']>
2025-04-02 19:14:46,027 - httpcore.http11 - DEBUG - send_request_headers.complete
2025-04-02 19:14:46,027 - httpcore.http11 - DEBUG - send_request_body.started request=<Request [b'POST']>
2025-04-02 19:14:46,028 - httpcore.http11 - DEBUG - send_request_body.complete
2025-04-02 19:14:46,028 - httpcore.http11 - DEBUG - receive_response_headers.started request=<Request [b'POST']>
2025-04-02 19:14:46,082 - httpcore.http11 - DEBUG - receive_response_headers.complete return_value=(b'HTTP/1.1', 200, b'OK', [(b'Date', b'Wed, 02 Apr 2025 15:44:51 GMT'), (b'Content-Type', b'application/json; charset=utf-8'), (b'Content-Length', b'23'), (b'Connection', b'keep-alive'), (b'Strict-Transport-Security', b'max-age=15724800; includeSubDomains')])
2025-04-02 19:14:46,083 - httpx - INFO - HTTP Request: POST https://tapi.bale.ai/bot1975677609:uVT1f1Z5Kzf98eRtWypJdywA6lBAD1P4GeqbCMPT/getUpdates "HTTP/1.1 200 OK"
2025-04-02 19:14:46,083 - httpcore.http11 - DEBUG - receive_response_body.started request=<Request [b'POST']>
2025-04-02 19:14:46,084 - httpcore.http11 - DEBUG - receive_response_body.complete
2025-04-02 19:14:46,084 - httpcore.http11 - DEBUG - response_closed.started
2025-04-02 19:14:46,084 - httpcore.http11 - DEBUG - response_closed.complete
2025-04-02 19:14:46,085 - httpcore.http11 - DEBUG - send_request_headers.started request=<Request [b'POST']>
2025-04-02 19:14:46,085 - httpcore.http11 - DEBUG - send_request_headers.complete
2025-04-02 19:14:46,085 - httpcore.http11 - DEBUG - send_request_body.started request=<Request [b'POST']>
2025-04-02 19:14:46,086 - httpcore.http11 - DEBUG - send_request_body.complete
2025-04-02 19:14:46,086 - httpcore.http11 - DEBUG - receive_response_headers.started request=<Request [b'POST']>
2025-04-02 19:14:46,134 - httpcore.http11 - DEBUG - receive_response_headers.complete return_value=(b'HTTP/1.1', 200, b'OK', [(b'Date', b'Wed, 02 Apr 2025 15:44:51 GMT'), (b'Content-Type', b'application/json; charset=utf-8'), (b'Content-Length', b'23'), (b'Connection', b'keep-alive'), (b'Strict-Transport-Security', b'max-age=15724800; includeSubDomains')])
2025-04-02 19:14:46,135 - httpx - INFO - HTTP Request: POST https://tapi.bale.ai/bot1975677609:uVT1f1Z5Kzf98eRtWypJdywA6lBAD1P4GeqbCMPT/getUpdates "HTTP/1.1 200 OK"
2025-04-02 19:14:46,135 - httpcore.http11 - DEBUG - receive_response_body.started request=<Request [b'POST']>
2025-04-02 19:14:46,135 - httpcore.http11 - DEBUG - receive_response_body.complete
2025-04-02 19:14:46,135 - httpcore.http11 - DEBUG - response_closed.started
2025-04-02 19:14:46,136 - httpcore.http11 - DEBUG - response_closed.complete
2025-04-02 19:14:46,136 - httpcore.http11 - DEBUG - send_request_headers.started request=<Request [b'POST']>
2025-04-02 19:14:46,137 - httpcore.http11 - DEBUG - send_request_headers.complete
2025-04-02 19:14:46,137 - httpcore.http11 - DEBUG - send_request_body.started request=<Request [b'POST']>
2025-04-02 19:14:46,137 - httpcore.http11 - DEBUG - send_request_body.complete
2025-04-02 19:14:46,137 - httpcore.http11 - DEBUG - receive_response_headers.started request=<Request [b'POST']>
2025-04-02 19:14:46,191 - httpcore.http11 - DEBUG - receive_response_headers.complete return_value=(b'HTTP/1.1', 200, b'OK', [(b'Date', b'Wed, 02 Apr 2025 15:44:51 GMT'), (b'Content-Type', b'application/json; charset=utf-8'), (b'Content-Length', b'23'), (b'Connection', b'keep-alive'), (b'Strict-Transport-Security', b'max-age=15724800; includeSubDomains')])
2025-04-02 19:14:46,192 - httpx - INFO - HTTP Request: POST https://tapi.bale.ai/bot1975677609:uVT1f1Z5Kzf98eRtWypJdywA6lBAD1P4GeqbCMPT/getUpdates "HTTP/1.1 200 OK"
2025-04-02 19:14:46,192 - httpcore.http11 - DEBUG - receive_response_body.started request=<Request [b'POST']>
2025-04-02 19:14:46,192 - httpcore.http11 - DEBUG - receive_response_body.complete
2025-04-02 19:14:46,192 - httpcore.http11 - DEBUG - response_closed.started
2025-04-02 19:14:46,193 - httpcore.http11 - DEBUG - response_closed.complete
2025-04-02 19:14:46,193 - httpcore.http11 - DEBUG - send_request_headers.started request=<Request [b'POST']>
2025-04-02 19:14:46,193 - httpcore.http11 - DEBUG - send_request_headers.complete
2025-04-02 19:14:46,193 - httpcore.http11 - DEBUG - send_request_body.started request=<Request [b'POST']>
2025-04-02 19:14:46,194 - httpcore.http11 - DEBUG - send_request_body.complete
2025-04-02 19:14:46,194 - httpcore.http11 - DEBUG - receive_response_headers.started request=<Request [b'POST']>
2025-04-02 19:14:46,318 - httpcore.http11 - DEBUG - receive_response_headers.complete return_value=(b'HTTP/1.1', 200, b'OK', [(b'Date', b'Wed, 02 Apr 2025 15:44:51 GMT'), (b'Content-Type', b'application/json; charset=utf-8'), (b'Content-Length', b'23'), (b'Connection', b'keep-alive'), (b'Strict-Transport-Security', b'max-age=15724800; includeSubDomains')])
2025-04-02 19:14:46,319 - httpx - INFO - HTTP Request: POST https://tapi.bale.ai/bot1975677609:uVT1f1Z5Kzf98eRtWypJdywA6lBAD1P4GeqbCMPT/getUpdates "HTTP/1.1 200 OK"
2025-04-02 19:14:46,319 - httpcore.http11 - DEBUG - receive_response_body.started request=<Request [b'POST']>
2025-04-02 19:14:46,319 - httpcore.http11 - DEBUG - receive_response_body.complete
2025-04-02 19:14:46,320 - httpcore.http11 - DEBUG - response_closed.started
2025-04-02 19:14:46,320 - httpcore.http11 - DEBUG - response_closed.complete
2025-04-02 19:14:46,320 - httpcore.http11 - DEBUG - send_request_headers.started request=<Request [b'POST']>
2025-04-02 19:14:46,321 - httpcore.http11 - DEBUG - send_request_headers.complete
2025-04-02 19:14:46,321 - httpcore.http11 - DEBUG - send_request_body.started request=<Request [b'POST']>
2025-04-02 19:14:46,322 - httpcore.http11 - DEBUG - send_request_body.complete
2025-04-02 19:14:46,322 - httpcore.http11 - DEBUG - receive_response_headers.started request=<Request [b'POST']>
2025-04-02 19:14:46,386 - httpcore.http11 - DEBUG - receive_response_headers.complete return_value=(b'HTTP/1.1', 200, b'OK', [(b'Date', b'Wed, 02 Apr 2025 15:44:52 GMT'), (b'Content-Type', b'application/json; charset=utf-8'), (b'Content-Length', b'23'), (b'Connection', b'keep-alive'), (b'Strict-Transport-Security', b'max-age=15724800; includeSubDomains')])
2025-04-02 19:14:46,386 - httpx - INFO - HTTP Request: POST https://tapi.bale.ai/bot1975677609:uVT1f1Z5Kzf98eRtWypJdywA6lBAD1P4GeqbCMPT/getUpdates "HTTP/1.1 200 OK"
2025-04-02 19:14:46,386 - httpcore.http11 - DEBUG - receive_response_body.started request=<Request [b'POST']>
2025-04-02 19:14:46,387 - httpcore.http11 - DEBUG - receive_response_body.complete
2025-04-02 19:14:46,387 - httpcore.http11 - DEBUG - response_closed.started
2025-04-02 19:14:46,387 - httpcore.http11 - DEBUG - response_closed.complete
2025-04-02 19:14:46,388 - httpcore.http11 - DEBUG - send_request_headers.started request=<Request [b'POST']>
2025-04-02 19:14:46,388 - httpcore.http11 - DEBUG - send_request_headers.complete
2025-04-02 19:14:46,389 - httpcore.http11 - DEBUG - send_request_body.started request=<Request [b'POST']>
2025-04-02 19:14:46,389 - httpcore.http11 - DEBUG - send_request_body.complete
2025-04-02 19:14:46,389 - httpcore.http11 - DEBUG - receive_response_headers.started request=<Request [b'POST']>
2025-04-02 19:14:46,439 - httpcore.http11 - DEBUG - receive_response_headers.complete return_value=(b'HTTP/1.1', 200, b'OK', [(b'Date', b'Wed, 02 Apr 2025 15:44:52 GMT'), (b'Content-Type', b'application/json; charset=utf-8'), (b'Content-Length', b'23'), (b'Connection', b'keep-alive'), (b'Strict-Transport-Security', b'max-age=15724800; includeSubDomains')])
2025-04-02 19:14:46,440 - httpx - INFO - HTTP Request: POST https://tapi.bale.ai/bot1975677609:uVT1f1Z5Kzf98eRtWypJdywA6lBAD1P4GeqbCMPT/getUpdates "HTTP/1.1 200 OK"
2025-04-02 19:14:46,440 - httpcore.http11 - DEBUG - receive_response_body.started request=<Request [b'POST']>
2025-04-02 19:14:46,440 - httpcore.http11 - DEBUG - receive_response_body.complete
2025-04-02 19:14:46,441 - httpcore.http11 - DEBUG - response_closed.started
2025-04-02 19:14:46,441 - httpcore.http11 - DEBUG - response_closed.complete
2025-04-02 19:14:46,441 - httpcore.http11 - DEBUG - send_request_headers.started request=<Request [b'POST']>
2025-04-02 19:14:46,442 - httpcore.http11 - DEBUG - send_request_headers.complete
2025-04-02 19:14:46,442 - httpcore.http11 - DEBUG - send_request_body.started request=<Request [b'POST']>
2025-04-02 19:14:46,442 - httpcore.http11 - DEBUG - send_request_body.complete
2025-04-02 19:14:46,443 - httpcore.http11 - DEBUG - receive_response_headers.started request=<Request [b'POST']>
2025-04-02 19:14:46,538 - httpcore.http11 - DEBUG - receive_response_headers.complete return_value=(b'HTTP/1.1', 200, b'OK', [(b'Date', b'Wed, 02 Apr 2025 15:44:52 GMT'), (b'Content-Type', b'application/json; charset=utf-8'), (b'Content-Length', b'23'), (b'Connection', b'keep-alive'), (b'Strict-Transport-Security', b'max-age=15724800; includeSubDomains')])
2025-04-02 19:14:46,538 - httpx - INFO - HTTP Request: POST https://tapi.bale.ai/bot1975677609:uVT1f1Z5Kzf98eRtWypJdywA6lBAD1P4GeqbCMPT/getUpdates "HTTP/1.1 200 OK"
2025-04-02 19:14:46,539 - httpcore.http11 - DEBUG - receive_response_body.started request=<Request [b'POST']>
2025-04-02 19:14:46,539 - httpcore.http11 - DEBUG - receive_response_body.complete
2025-04-02 19:14:46,539 - httpcore.http11 - DEBUG - response_closed.started
2025-04-02 19:14:46,539 - httpcore.http11 - DEBUG - response_closed.complete
2025-04-02 19:14:46,540 - httpcore.http11 - DEBUG - send_request_headers.started request=<Request [b'POST']>
2025-04-02 19:14:46,540 - httpcore.http11 - DEBUG - send_request_headers.complete
2025-04-02 19:14:46,540 - httpcore.http11 - DEBUG - send_request_body.started request=<Request [b'POST']>
2025-04-02 19:14:46,540 - httpcore.http11 - DEBUG - send_request_body.complete
2025-04-02 19:14:46,540 - httpcore.http11 - DEBUG - receive_response_headers.started request=<Request [b'POST']>
2025-04-02 19:14:46,591 - httpcore.http11 - DEBUG - receive_response_headers.complete return_value=(b'HTTP/1.1', 200, b'OK', [(b'Date', b'Wed, 02 Apr 2025 15:44:52 GMT'), (b'Content-Type', b'application/json; charset=utf-8'), (b'Content-Length', b'23'), (b'Connection', b'keep-alive'), (b'Strict-Transport-Security', b'max-age=15724800; includeSubDomains')])
2025-04-02 19:14:46,592 - httpx - INFO - HTTP Request: POST https://tapi.bale.ai/bot1975677609:uVT1f1Z5Kzf98eRtWypJdywA6lBAD1P4GeqbCMPT/getUpdates "HTTP/1.1 200 OK"
2025-04-02 19:14:46,592 - httpcore.http11 - DEBUG - receive_response_body.started request=<Request [b'POST']>
2025-04-02 19:14:46,592 - httpcore.http11 - DEBUG - receive_response_body.complete
2025-04-02 19:14:46,592 - httpcore.http11 - DEBUG - response_closed.started
2025-04-02 19:14:46,593 - httpcore.http11 - DEBUG - response_closed.complete
2025-04-02 19:14:46,593 - httpcore.http11 - DEBUG - send_request_headers.started request=<Request [b'POST']>
2025-04-02 19:14:46,594 - httpcore.http11 - DEBUG - send_request_headers.complete
2025-04-02 19:14:46,594 - httpcore.http11 - DEBUG - send_request_body.started request=<Request [b'POST']>
2025-04-02 19:14:46,594 - httpcore.http11 - DEBUG - send_request_body.complete
2025-04-02 19:14:46,594 - httpcore.http11 - DEBUG - receive_response_headers.started request=<Request [b'POST']>
2025-04-02 19:14:46,738 - httpcore.http11 - DEBUG - receive_response_headers.complete return_value=(b'HTTP/1.1', 200, b'OK', [(b'Date', b'Wed, 02 Apr 2025 15:44:52 GMT'), (b'Content-Type', b'application/json; charset=utf-8'), (b'Content-Length', b'23'), (b'Connection', b'keep-alive'), (b'Strict-Transport-Security', b'max-age=15724800; includeSubDomains')])
2025-04-02 19:14:46,738 - httpx - INFO - HTTP Request: POST https://tapi.bale.ai/bot1975677609:uVT1f1Z5Kzf98eRtWypJdywA6lBAD1P4GeqbCMPT/getUpdates "HTTP/1.1 200 OK"
2025-04-02 19:14:46,739 - httpcore.http11 - DEBUG - receive_response_body.started request=<Request [b'POST']>
2025-04-02 19:14:46,739 - httpcore.http11 - DEBUG - receive_response_body.complete
2025-04-02 19:14:46,739 - httpcore.http11 - DEBUG - response_closed.started
2025-04-02 19:14:46,739 - httpcore.http11 - DEBUG - response_closed.complete
2025-04-02 19:14:46,740 - httpcore.http11 - DEBUG - send_request_headers.started request=<Request [b'POST']>
2025-04-02 19:14:46,740 - httpcore.http11 - DEBUG - send_request_headers.complete
2025-04-02 19:14:46,740 - httpcore.http11 - DEBUG - send_request_body.started request=<Request [b'POST']>
2025-04-02 19:14:46,741 - httpcore.http11 - DEBUG - send_request_body.complete
2025-04-02 19:14:46,741 - httpcore.http11 - DEBUG - receive_response_headers.started request=<Request [b'POST']>
2025-04-02 19:14:46,786 - httpcore.http11 - DEBUG - receive_response_headers.complete return_value=(b'HTTP/1.1', 200, b'OK', [(b'Date', b'Wed, 02 Apr 2025 15:44:52 GMT'), (b'Content-Type', b'application/json; charset=utf-8'), (b'Content-Length', b'23'), (b'Connection', b'keep-alive'), (b'Strict-Transport-Security', b'max-age=15724800; includeSubDomains')])
2025-04-02 19:14:46,786 - httpx - INFO - HTTP Request: POST https://tapi.bale.ai/bot1975677609:uVT1f1Z5Kzf98eRtWypJdywA6lBAD1P4GeqbCMPT/getUpdates "HTTP/1.1 200 OK"
2025-04-02 19:14:46,787 - httpcore.http11 - DEBUG - receive_response_body.started request=<Request [b'POST']>
2025-04-02 19:14:46,787 - httpcore.http11 - DEBUG - receive_response_body.complete
2025-04-02 19:14:46,787 - httpcore.http11 - DEBUG - response_closed.started
2025-04-02 19:14:46,787 - httpcore.http11 - DEBUG - response_closed.complete
2025-04-02 19:14:46,788 - httpcore.http11 - DEBUG - send_request_headers.started request=<Request [b'POST']>
2025-04-02 19:14:46,789 - httpcore.http11 - DEBUG - send_request_headers.complete
2025-04-02 19:14:46,789 - httpcore.http11 - DEBUG - send_request_body.started request=<Request [b'POST']>
2025-04-02 19:14:46,789 - httpcore.http11 - DEBUG - send_request_body.complete
2025-04-02 19:14:46,789 - httpcore.http11 - DEBUG - receive_response_headers.started request=<Request [b'POST']>
2025-04-02 19:14:46,868 - httpcore.http11 - DEBUG - receive_response_headers.complete return_value=(b'HTTP/1.1', 200, b'OK', [(b'Date', b'Wed, 02 Apr 2025 15:44:52 GMT'), (b'Content-Type', b'application/json; charset=utf-8'), (b'Content-Length', b'23'), (b'Connection', b'keep-alive'), (b'Strict-Transport-Security', b'max-age=15724800; includeSubDomains')])
2025-04-02 19:14:46,868 - httpx - INFO - HTTP Request: POST https://tapi.bale.ai/bot1975677609:uVT1f1Z5Kzf98eRtWypJdywA6lBAD1P4GeqbCMPT/getUpdates "HTTP/1.1 200 OK"
2025-04-02 19:14:46,868 - httpcore.http11 - DEBUG - receive_response_body.started request=<Request [b'POST']>
2025-04-02 19:14:46,869 - httpcore.http11 - DEBUG - receive_response_body.complete
2025-04-02 19:14:46,869 - httpcore.http11 - DEBUG - response_closed.started
2025-04-02 19:14:46,869 - httpcore.http11 - DEBUG - response_closed.complete
2025-04-02 19:14:46,870 - httpcore.http11 - DEBUG - send_request_headers.started request=<Request [b'POST']>
2025-04-02 19:14:46,870 - httpcore.http11 - DEBUG - send_request_headers.complete
2025-04-02 19:14:46,871 - httpcore.http11 - DEBUG - send_request_body.started request=<Request [b'POST']>
2025-04-02 19:14:46,871 - httpcore.http11 - DEBUG - send_request_body.complete
2025-04-02 19:14:46,871 - httpcore.http11 - DEBUG - receive_response_headers.started request=<Request [b'POST']>
2025-04-02 19:14:46,918 - httpcore.http11 - DEBUG - receive_response_headers.complete return_value=(b'HTTP/1.1', 200, b'OK', [(b'Date', b'Wed, 02 Apr 2025 15:44:52 GMT'), (b'Content-Type', b'application/json; charset=utf-8'), (b'Content-Length', b'23'), (b'Connection', b'keep-alive'), (b'Strict-Transport-Security', b'max-age=15724800; includeSubDomains')])
2025-04-02 19:14:46,918 - httpx - INFO - HTTP Request: POST https://tapi.bale.ai/bot1975677609:uVT1f1Z5Kzf98eRtWypJdywA6lBAD1P4GeqbCMPT/getUpdates "HTTP/1.1 200 OK"
2025-04-02 19:14:46,918 - httpcore.http11 - DEBUG - receive_response_body.started request=<Request [b'POST']>
2025-04-02 19:14:46,919 - httpcore.http11 - DEBUG - receive_response_body.complete
2025-04-02 19:14:46,919 - httpcore.http11 - DEBUG - response_closed.started
2025-04-02 19:14:46,919 - httpcore.http11 - DEBUG - response_closed.complete
2025-04-02 19:14:46,920 - httpcore.http11 - DEBUG - send_request_headers.started request=<Request [b'POST']>
2025-04-02 19:14:46,920 - httpcore.http11 - DEBUG - send_request_headers.complete
2025-04-02 19:14:46,920 - httpcore.http11 - DEBUG - send_request_body.started request=<Request [b'POST']>
2025-04-02 19:14:46,920 - httpcore.http11 - DEBUG - send_request_body.complete
2025-04-02 19:14:46,921 - httpcore.http11 - DEBUG - receive_response_headers.started request=<Request [b'POST']>
2025-04-02 19:14:47,048 - httpcore.http11 - DEBUG - receive_response_headers.complete return_value=(b'HTTP/1.1', 200, b'OK', [(b'Date', b'Wed, 02 Apr 2025 15:44:52 GMT'), (b'Content-Type', b'application/json; charset=utf-8'), (b'Content-Length', b'23'), (b'Connection', b'keep-alive'), (b'Strict-Transport-Security', b'max-age=15724800; includeSubDomains')])
2025-04-02 19:14:47,048 - httpx - INFO - HTTP Request: POST https://tapi.bale.ai/bot1975677609:uVT1f1Z5Kzf98eRtWypJdywA6lBAD1P4GeqbCMPT/getUpdates "HTTP/1.1 200 OK"
2025-04-02 19:14:47,049 - httpcore.http11 - DEBUG - receive_response_body.started request=<Request [b'POST']>
2025-04-02 19:14:47,049 - httpcore.http11 - DEBUG - receive_response_body.complete
2025-04-02 19:14:47,049 - httpcore.http11 - DEBUG - response_closed.started
2025-04-02 19:14:47,049 - httpcore.http11 - DEBUG - response_closed.complete
2025-04-02 19:14:47,050 - httpcore.http11 - DEBUG - send_request_headers.started request=<Request [b'POST']>
2025-04-02 19:14:47,050 - httpcore.http11 - DEBUG - send_request_headers.complete
2025-04-02 19:14:47,051 - httpcore.http11 - DEBUG - send_request_body.started request=<Request [b'POST']>
2025-04-02 19:14:47,051 - httpcore.http11 - DEBUG - send_request_body.complete
2025-04-02 19:14:47,051 - httpcore.http11 - DEBUG - receive_response_headers.started request=<Request [b'POST']>
2025-04-02 19:14:47,244 - httpcore.http11 - DEBUG - receive_response_headers.complete return_value=(b'HTTP/1.1', 200, b'OK', [(b'Date', b'Wed, 02 Apr 2025 15:44:52 GMT'), (b'Content-Type', b'application/json; charset=utf-8'), (b'Content-Length', b'23'), (b'Connection', b'keep-alive'), (b'Strict-Transport-Security', b'max-age=15724800; includeSubDomains')])
2025-04-02 19:14:47,244 - httpx - INFO - HTTP Request: POST https://tapi.bale.ai/bot1975677609:uVT1f1Z5Kzf98eRtWypJdywA6lBAD1P4GeqbCMPT/getUpdates "HTTP/1.1 200 OK"
2025-04-02 19:14:47,245 - httpcore.http11 - DEBUG - receive_response_body.started request=<Request [b'POST']>
2025-04-02 19:14:47,245 - httpcore.http11 - DEBUG - receive_response_body.complete
2025-04-02 19:14:47,245 - httpcore.http11 - DEBUG - response_closed.started
2025-04-02 19:14:47,245 - httpcore.http11 - DEBUG - response_closed.complete
2025-04-02 19:14:47,246 - httpcore.http11 - DEBUG - send_request_headers.started request=<Request [b'POST']>
2025-04-02 19:14:47,246 - httpcore.http11 - DEBUG - send_request_headers.complete
2025-04-02 19:14:47,247 - httpcore.http11 - DEBUG - send_request_body.started request=<Request [b'POST']>
2025-04-02 19:14:47,247 - httpcore.http11 - DEBUG - send_request_body.complete
2025-04-02 19:14:47,247 - httpcore.http11 - DEBUG - receive_response_headers.started request=<Request [b'POST']>
2025-04-02 19:14:47,334 - httpcore.http11 - DEBUG - receive_response_headers.complete return_value=(b'HTTP/1.1', 200, b'OK', [(b'Date', b'Wed, 02 Apr 2025 15:44:52 GMT'), (b'Content-Type', b'application/json; charset=utf-8'), (b'Content-Length', b'23'), (b'Connection', b'keep-alive'), (b'Strict-Transport-Security', b'max-age=15724800; includeSubDomains')])
2025-04-02 19:14:47,335 - httpx - INFO - HTTP Request: POST https://tapi.bale.ai/bot1975677609:uVT1f1Z5Kzf98eRtWypJdywA6lBAD1P4GeqbCMPT/getUpdates "HTTP/1.1 200 OK"
2025-04-02 19:14:47,335 - httpcore.http11 - DEBUG - receive_response_body.started request=<Request [b'POST']>
2025-04-02 19:14:47,335 - httpcore.http11 - DEBUG - receive_response_body.complete
2025-04-02 19:14:47,335 - httpcore.http11 - DEBUG - response_closed.started
2025-04-02 19:14:47,335 - httpcore.http11 - DEBUG - response_closed.complete
2025-04-02 19:14:47,336 - httpcore.http11 - DEBUG - send_request_headers.started request=<Request [b'POST']>
2025-04-02 19:14:47,336 - httpcore.http11 - DEBUG - send_request_headers.complete
2025-04-02 19:14:47,336 - httpcore.http11 - DEBUG - send_request_body.started request=<Request [b'POST']>
2025-04-02 19:14:47,337 - httpcore.http11 - DEBUG - send_request_body.complete
2025-04-02 19:14:47,337 - httpcore.http11 - DEBUG - receive_response_headers.started request=<Request [b'POST']>
2025-04-02 19:14:47,397 - httpcore.http11 - DEBUG - receive_response_headers.complete return_value=(b'HTTP/1.1', 200, b'OK', [(b'Date', b'Wed, 02 Apr 2025 15:44:53 GMT'), (b'Content-Type', b'application/json; charset=utf-8'), (b'Content-Length', b'23'), (b'Connection', b'keep-alive'), (b'Strict-Transport-Security', b'max-age=15724800; includeSubDomains')])
2025-04-02 19:14:47,398 - httpx - INFO - HTTP Request: POST https://tapi.bale.ai/bot1975677609:uVT1f1Z5Kzf98eRtWypJdywA6lBAD1P4GeqbCMPT/getUpdates "HTTP/1.1 200 OK"
2025-04-02 19:14:47,398 - httpcore.http11 - DEBUG - receive_response_body.started request=<Request [b'POST']>
2025-04-02 19:14:47,399 - httpcore.http11 - DEBUG - receive_response_body.complete
2025-04-02 19:14:47,399 - httpcore.http11 - DEBUG - response_closed.started
2025-04-02 19:14:47,399 - httpcore.http11 - DEBUG - response_closed.complete
2025-04-02 19:14:47,400 - httpcore.http11 - DEBUG - send_request_headers.started request=<Request [b'POST']>
2025-04-02 19:14:47,400 - httpcore.http11 - DEBUG - send_request_headers.complete
2025-04-02 19:14:47,400 - httpcore.http11 - DEBUG - send_request_body.started request=<Request [b'POST']>
2025-04-02 19:14:47,401 - httpcore.http11 - DEBUG - send_request_body.complete
2025-04-02 19:14:47,401 - httpcore.http11 - DEBUG - receive_response_headers.started request=<Request [b'POST']>
2025-04-02 19:14:47,449 - httpcore.http11 - DEBUG - receive_response_headers.complete return_value=(b'HTTP/1.1', 200, b'OK', [(b'Date', b'Wed, 02 Apr 2025 15:44:53 GMT'), (b'Content-Type', b'application/json; charset=utf-8'), (b'Content-Length', b'23'), (b'Connection', b'keep-alive'), (b'Strict-Transport-Security', b'max-age=15724800; includeSubDomains')])
2025-04-02 19:14:47,449 - httpx - INFO - HTTP Request: POST https://tapi.bale.ai/bot1975677609:uVT1f1Z5Kzf98eRtWypJdywA6lBAD1P4GeqbCMPT/getUpdates "HTTP/1.1 200 OK"
2025-04-02 19:14:47,449 - httpcore.http11 - DEBUG - receive_response_body.started request=<Request [b'POST']>
2025-04-02 19:14:47,450 - httpcore.http11 - DEBUG - receive_response_body.complete
2025-04-02 19:14:47,450 - httpcore.http11 - DEBUG - response_closed.started
2025-04-02 19:14:47,450 - httpcore.http11 - DEBUG - response_closed.complete
2025-04-02 19:14:47,450 - httpcore.http11 - DEBUG - send_request_headers.started request=<Request [b'POST']>
2025-04-02 19:14:47,451 - httpcore.http11 - DEBUG - send_request_headers.complete
2025-04-02 19:14:47,451 - httpcore.http11 - DEBUG - send_request_body.started request=<Request [b'POST']>
2025-04-02 19:14:47,451 - httpcore.http11 - DEBUG - send_request_body.complete
2025-04-02 19:14:47,452 - httpcore.http11 - DEBUG - receive_response_headers.started request=<Request [b'POST']>
2025-04-02 19:14:47,512 - httpcore.http11 - DEBUG - receive_response_headers.complete return_value=(b'HTTP/1.1', 200, b'OK', [(b'Date', b'Wed, 02 Apr 2025 15:44:53 GMT'), (b'Content-Type', b'application/json; charset=utf-8'), (b'Content-Length', b'23'), (b'Connection', b'keep-alive'), (b'Strict-Transport-Security', b'max-age=15724800; includeSubDomains')])
2025-04-02 19:14:47,513 - httpx - INFO - HTTP Request: POST https://tapi.bale.ai/bot1975677609:uVT1f1Z5Kzf98eRtWypJdywA6lBAD1P4GeqbCMPT/getUpdates "HTTP/1.1 200 OK"
2025-04-02 19:14:47,513 - httpcore.http11 - DEBUG - receive_response_body.started request=<Request [b'POST']>
2025-04-02 19:14:47,513 - httpcore.http11 - DEBUG - receive_response_body.complete
2025-04-02 19:14:47,514 - httpcore.http11 - DEBUG - response_closed.started
2025-04-02 19:14:47,514 - httpcore.http11 - DEBUG - response_closed.complete
2025-04-02 19:14:47,515 - httpcore.http11 - DEBUG - send_request_headers.started request=<Request [b'POST']>
2025-04-02 19:14:47,515 - httpcore.http11 - DEBUG - send_request_headers.complete
2025-04-02 19:14:47,516 - httpcore.http11 - DEBUG - send_request_body.started request=<Request [b'POST']>
2025-04-02 19:14:47,516 - httpcore.http11 - DEBUG - send_request_body.complete
2025-04-02 19:14:47,516 - httpcore.http11 - DEBUG - receive_response_headers.started request=<Request [b'POST']>
2025-04-02 19:14:47,562 - httpcore.http11 - DEBUG - receive_response_headers.complete return_value=(b'HTTP/1.1', 200, b'OK', [(b'Date', b'Wed, 02 Apr 2025 15:44:53 GMT'), (b'Content-Type', b'application/json; charset=utf-8'), (b'Content-Length', b'23'), (b'Connection', b'keep-alive'), (b'Strict-Transport-Security', b'max-age=15724800; includeSubDomains')])
2025-04-02 19:14:47,563 - httpx - INFO - HTTP Request: POST https://tapi.bale.ai/bot1975677609:uVT1f1Z5Kzf98eRtWypJdywA6lBAD1P4GeqbCMPT/getUpdates "HTTP/1.1 200 OK"
2025-04-02 19:14:47,563 - httpcore.http11 - DEBUG - receive_response_body.started request=<Request [b'POST']>
2025-04-02 19:14:47,563 - httpcore.http11 - DEBUG - receive_response_body.complete
2025-04-02 19:14:47,564 - httpcore.http11 - DEBUG - response_closed.started
2025-04-02 19:14:47,564 - httpcore.http11 - DEBUG - response_closed.complete
2025-04-02 19:14:47,564 - httpcore.http11 - DEBUG - send_request_headers.started request=<Request [b'POST']>
2025-04-02 19:14:47,565 - httpcore.http11 - DEBUG - send_request_headers.complete
2025-04-02 19:14:47,565 - httpcore.http11 - DEBUG - send_request_body.started request=<Request [b'POST']>
2025-04-02 19:14:47,566 - httpcore.http11 - DEBUG - send_request_body.complete
2025-04-02 19:14:47,566 - httpcore.http11 - DEBUG - receive_response_headers.started request=<Request [b'POST']>
2025-04-02 19:14:47,643 - httpcore.http11 - DEBUG - receive_response_headers.complete return_value=(b'HTTP/1.1', 200, b'OK', [(b'Date', b'Wed, 02 Apr 2025 15:44:53 GMT'), (b'Content-Type', b'application/json; charset=utf-8'), (b'Content-Length', b'23'), (b'Connection', b'keep-alive'), (b'Strict-Transport-Security', b'max-age=15724800; includeSubDomains')])
2025-04-02 19:14:47,643 - httpx - INFO - HTTP Request: POST https://tapi.bale.ai/bot1975677609:uVT1f1Z5Kzf98eRtWypJdywA6lBAD1P4GeqbCMPT/getUpdates "HTTP/1.1 200 OK"
2025-04-02 19:14:47,644 - httpcore.http11 - DEBUG - receive_response_body.started request=<Request [b'POST']>
2025-04-02 19:14:47,644 - httpcore.http11 - DEBUG - receive_response_body.complete
2025-04-02 19:14:47,644 - httpcore.http11 - DEBUG - response_closed.started
2025-04-02 19:14:47,644 - httpcore.http11 - DEBUG - response_closed.complete
2025-04-02 19:14:47,645 - httpcore.http11 - DEBUG - send_request_headers.started request=<Request [b'POST']>
2025-04-02 19:14:47,645 - httpcore.http11 - DEBUG - send_request_headers.complete
2025-04-02 19:14:47,646 - httpcore.http11 - DEBUG - send_request_body.started request=<Request [b'POST']>
2025-04-02 19:14:47,646 - httpcore.http11 - DEBUG - send_request_body.complete
2025-04-02 19:14:47,646 - httpcore.http11 - DEBUG - receive_response_headers.started request=<Request [b'POST']>
2025-04-02 19:14:47,708 - httpcore.http11 - DEBUG - receive_response_headers.complete return_value=(b'HTTP/1.1', 200, b'OK', [(b'Date', b'Wed, 02 Apr 2025 15:44:53 GMT'), (b'Content-Type', b'application/json; charset=utf-8'), (b'Content-Length', b'23'), (b'Connection', b'keep-alive'), (b'Strict-Transport-Security', b'max-age=15724800; includeSubDomains')])
2025-04-02 19:14:47,709 - httpx - INFO - HTTP Request: POST https://tapi.bale.ai/bot1975677609:uVT1f1Z5Kzf98eRtWypJdywA6lBAD1P4GeqbCMPT/getUpdates "HTTP/1.1 200 OK"
2025-04-02 19:14:47,709 - httpcore.http11 - DEBUG - receive_response_body.started request=<Request [b'POST']>
2025-04-02 19:14:47,709 - httpcore.http11 - DEBUG - receive_response_body.complete
2025-04-02 19:14:47,710 - httpcore.http11 - DEBUG - response_closed.started
2025-04-02 19:14:47,710 - httpcore.http11 - DEBUG - response_closed.complete
2025-04-02 19:14:47,710 - httpcore.http11 - DEBUG - send_request_headers.started request=<Request [b'POST']>
2025-04-02 19:14:47,711 - httpcore.http11 - DEBUG - send_request_headers.complete
2025-04-02 19:14:47,711 - httpcore.http11 - DEBUG - send_request_body.started request=<Request [b'POST']>
2025-04-02 19:14:47,712 - httpcore.http11 - DEBUG - send_request_body.complete
2025-04-02 19:14:47,712 - httpcore.http11 - DEBUG - receive_response_headers.started request=<Request [b'POST']>
2025-04-02 19:14:47,759 - httpcore.http11 - DEBUG - receive_response_headers.complete return_value=(b'HTTP/1.1', 200, b'OK', [(b'Date', b'Wed, 02 Apr 2025 15:44:53 GMT'), (b'Content-Type', b'application/json; charset=utf-8'), (b'Content-Length', b'23'), (b'Connection', b'keep-alive'), (b'Strict-Transport-Security', b'max-age=15724800; includeSubDomains')])
2025-04-02 19:14:47,760 - httpx - INFO - HTTP Request: POST https://tapi.bale.ai/bot1975677609:uVT1f1Z5Kzf98eRtWypJdywA6lBAD1P4GeqbCMPT/getUpdates "HTTP/1.1 200 OK"
2025-04-02 19:14:47,760 - httpcore.http11 - DEBUG - receive_response_body.started request=<Request [b'POST']>
2025-04-02 19:14:47,760 - httpcore.http11 - DEBUG - receive_response_body.complete
2025-04-02 19:14:47,760 - httpcore.http11 - DEBUG - response_closed.started
2025-04-02 19:14:47,761 - httpcore.http11 - DEBUG - response_closed.complete
2025-04-02 19:14:47,761 - httpcore.http11 - DEBUG - send_request_headers.started request=<Request [b'POST']>
2025-04-02 19:14:47,762 - httpcore.http11 - DEBUG - send_request_headers.complete
2025-04-02 19:14:47,762 - httpcore.http11 - DEBUG - send_request_body.started request=<Request [b'POST']>
2025-04-02 19:14:47,763 - httpcore.http11 - DEBUG - send_request_body.complete
2025-04-02 19:14:47,763 - httpcore.http11 - DEBUG - receive_response_headers.started request=<Request [b'POST']>
2025-04-02 19:14:47,822 - httpcore.http11 - DEBUG - receive_response_headers.complete return_value=(b'HTTP/1.1', 200, b'OK', [(b'Date', b'Wed, 02 Apr 2025 15:44:53 GMT'), (b'Content-Type', b'application/json; charset=utf-8'), (b'Content-Length', b'23'), (b'Connection', b'keep-alive'), (b'Strict-Transport-Security', b'max-age=15724800; includeSubDomains')])
2025-04-02 19:14:47,823 - httpx - INFO - HTTP Request: POST https://tapi.bale.ai/bot1975677609:uVT1f1Z5Kzf98eRtWypJdywA6lBAD1P4GeqbCMPT/getUpdates "HTTP/1.1 200 OK"
2025-04-02 19:14:47,823 - httpcore.http11 - DEBUG - receive_response_body.started request=<Request [b'POST']>
2025-04-02 19:14:47,823 - httpcore.http11 - DEBUG - receive_response_body.complete
2025-04-02 19:14:47,823 - httpcore.http11 - DEBUG - response_closed.started
2025-04-02 19:14:47,824 - httpcore.http11 - DEBUG - response_closed.complete
2025-04-02 19:14:47,824 - httpcore.http11 - DEBUG - send_request_headers.started request=<Request [b'POST']>
2025-04-02 19:14:47,825 - httpcore.http11 - DEBUG - send_request_headers.complete
2025-04-02 19:14:47,825 - httpcore.http11 - DEBUG - send_request_body.started request=<Request [b'POST']>
2025-04-02 19:14:47,826 - httpcore.http11 - DEBUG - send_request_body.complete
2025-04-02 19:14:47,826 - httpcore.http11 - DEBUG - receive_response_headers.started request=<Request [b'POST']>
2025-04-02 19:14:47,865 - httpcore.http11 - DEBUG - receive_response_headers.complete return_value=(b'HTTP/1.1', 200, b'OK', [(b'Date', b'Wed, 02 Apr 2025 15:44:53 GMT'), (b'Content-Type', b'application/json; charset=utf-8'), (b'Content-Length', b'23'), (b'Connection', b'keep-alive'), (b'Strict-Transport-Security', b'max-age=15724800; includeSubDomains')])
2025-04-02 19:14:47,865 - httpx - INFO - HTTP Request: POST https://tapi.bale.ai/bot1975677609:uVT1f1Z5Kzf98eRtWypJdywA6lBAD1P4GeqbCMPT/getUpdates "HTTP/1.1 200 OK"
2025-04-02 19:14:47,866 - httpcore.http11 - DEBUG - receive_response_body.started request=<Request [b'POST']>
2025-04-02 19:14:47,866 - httpcore.http11 - DEBUG - receive_response_body.complete
2025-04-02 19:14:47,866 - httpcore.http11 - DEBUG - response_closed.started
2025-04-02 19:14:47,867 - httpcore.http11 - DEBUG - response_closed.complete
2025-04-02 19:14:47,867 - httpcore.http11 - DEBUG - send_request_headers.started request=<Request [b'POST']>
2025-04-02 19:14:47,867 - httpcore.http11 - DEBUG - send_request_headers.complete
2025-04-02 19:14:47,868 - httpcore.http11 - DEBUG - send_request_body.started request=<Request [b'POST']>
2025-04-02 19:14:47,868 - httpcore.http11 - DEBUG - send_request_body.complete
2025-04-02 19:14:47,868 - httpcore.http11 - DEBUG - receive_response_headers.started request=<Request [b'POST']>
2025-04-02 19:14:47,907 - httpcore.http11 - DEBUG - receive_response_headers.complete return_value=(b'HTTP/1.1', 200, b'OK', [(b'Date', b'Wed, 02 Apr 2025 15:44:53 GMT'), (b'Content-Type', b'application/json; charset=utf-8'), (b'Content-Length', b'23'), (b'Connection', b'keep-alive'), (b'Strict-Transport-Security', b'max-age=15724800; includeSubDomains')])
2025-04-02 19:14:47,908 - httpx - INFO - HTTP Request: POST https://tapi.bale.ai/bot1975677609:uVT1f1Z5Kzf98eRtWypJdywA6lBAD1P4GeqbCMPT/getUpdates "HTTP/1.1 200 OK"
2025-04-02 19:14:47,908 - httpcore.http11 - DEBUG - receive_response_body.started request=<Request [b'POST']>
2025-04-02 19:14:47,908 - httpcore.http11 - DEBUG - receive_response_body.complete
2025-04-02 19:14:47,908 - httpcore.http11 - DEBUG - response_closed.started
2025-04-02 19:14:47,909 - httpcore.http11 - DEBUG - response_closed.complete
2025-04-02 19:14:47,909 - httpcore.http11 - DEBUG - send_request_headers.started request=<Request [b'POST']>
2025-04-02 19:14:47,910 - httpcore.http11 - DEBUG - send_request_headers.complete
2025-04-02 19:14:47,910 - httpcore.http11 - DEBUG - send_request_body.started request=<Request [b'POST']>
2025-04-02 19:14:47,910 - httpcore.http11 - DEBUG - send_request_body.complete
2025-04-02 19:14:47,910 - httpcore.http11 - DEBUG - receive_response_headers.started request=<Request [b'POST']>
2025-04-02 19:14:47,992 - httpcore.http11 - DEBUG - receive_response_headers.complete return_value=(b'HTTP/1.1', 200, b'OK', [(b'Date', b'Wed, 02 Apr 2025 15:44:53 GMT'), (b'Content-Type', b'application/json; charset=utf-8'), (b'Content-Length', b'23'), (b'Connection', b'keep-alive'), (b'Strict-Transport-Security', b'max-age=15724800; includeSubDomains')])
2025-04-02 19:14:47,993 - httpx - INFO - HTTP Request: POST https://tapi.bale.ai/bot1975677609:uVT1f1Z5Kzf98eRtWypJdywA6lBAD1P4GeqbCMPT/getUpdates "HTTP/1.1 200 OK"
2025-04-02 19:14:47,993 - httpcore.http11 - DEBUG - receive_response_body.started request=<Request [b'POST']>
2025-04-02 19:14:47,993 - httpcore.http11 - DEBUG - receive_response_body.complete
2025-04-02 19:14:47,993 - httpcore.http11 - DEBUG - response_closed.started
2025-04-02 19:14:47,993 - httpcore.http11 - DEBUG - response_closed.complete
2025-04-02 19:14:47,994 - httpcore.http11 - DEBUG - send_request_headers.started request=<Request [b'POST']>
2025-04-02 19:14:47,994 - httpcore.http11 - DEBUG - send_request_headers.complete
2025-04-02 19:14:47,995 - httpcore.http11 - DEBUG - send_request_body.started request=<Request [b'POST']>
2025-04-02 19:14:47,995 - httpcore.http11 - DEBUG - send_request_body.complete
2025-04-02 19:14:47,995 - httpcore.http11 - DEBUG - receive_response_headers.started request=<Request [b'POST']>
2025-04-02 19:14:48,052 - httpcore.http11 - DEBUG - receive_response_headers.complete return_value=(b'HTTP/1.1', 200, b'OK', [(b'Date', b'Wed, 02 Apr 2025 15:44:53 GMT'), (b'Content-Type', b'application/json; charset=utf-8'), (b'Content-Length', b'23'), (b'Connection', b'keep-alive'), (b'Strict-Transport-Security', b'max-age=15724800; includeSubDomains')])
2025-04-02 19:14:48,053 - httpx - INFO - HTTP Request: POST https://tapi.bale.ai/bot1975677609:uVT1f1Z5Kzf98eRtWypJdywA6lBAD1P4GeqbCMPT/getUpdates "HTTP/1.1 200 OK"
2025-04-02 19:14:48,053 - httpcore.http11 - DEBUG - receive_response_body.started request=<Request [b'POST']>
2025-04-02 19:14:48,053 - httpcore.http11 - DEBUG - receive_response_body.complete
2025-04-02 19:14:48,054 - httpcore.http11 - DEBUG - response_closed.started
2025-04-02 19:14:48,054 - httpcore.http11 - DEBUG - response_closed.complete
2025-04-02 19:14:48,055 - httpcore.http11 - DEBUG - send_request_headers.started request=<Request [b'POST']>
2025-04-02 19:14:48,055 - httpcore.http11 - DEBUG - send_request_headers.complete
2025-04-02 19:14:48,055 - httpcore.http11 - DEBUG - send_request_body.started request=<Request [b'POST']>
2025-04-02 19:14:48,056 - httpcore.http11 - DEBUG - send_request_body.complete
2025-04-02 19:14:48,056 - httpcore.http11 - DEBUG - receive_response_headers.started request=<Request [b'POST']>
2025-04-02 19:14:48,131 - httpcore.http11 - DEBUG - receive_response_headers.complete return_value=(b'HTTP/1.1', 200, b'OK', [(b'Date', b'Wed, 02 Apr 2025 15:44:53 GMT'), (b'Content-Type', b'application/json; charset=utf-8'), (b'Content-Length', b'23'), (b'Connection', b'keep-alive'), (b'Strict-Transport-Security', b'max-age=15724800; includeSubDomains')])
2025-04-02 19:14:48,131 - httpx - INFO - HTTP Request: POST https://tapi.bale.ai/bot1975677609:uVT1f1Z5Kzf98eRtWypJdywA6lBAD1P4GeqbCMPT/getUpdates "HTTP/1.1 200 OK"
2025-04-02 19:14:48,132 - httpcore.http11 - DEBUG - receive_response_body.started request=<Request [b'POST']>
2025-04-02 19:14:48,132 - httpcore.http11 - DEBUG - receive_response_body.complete
2025-04-02 19:14:48,132 - httpcore.http11 - DEBUG - response_closed.started
2025-04-02 19:14:48,133 - httpcore.http11 - DEBUG - response_closed.complete
2025-04-02 19:14:48,133 - httpcore.http11 - DEBUG - send_request_headers.started request=<Request [b'POST']>
2025-04-02 19:14:48,134 - httpcore.http11 - DEBUG - send_request_headers.complete
2025-04-02 19:14:48,134 - httpcore.http11 - DEBUG - send_request_body.started request=<Request [b'POST']>
2025-04-02 19:14:48,134 - httpcore.http11 - DEBUG - send_request_body.complete
2025-04-02 19:14:48,135 - httpcore.http11 - DEBUG - receive_response_headers.started request=<Request [b'POST']>
2025-04-02 19:14:48,192 - httpcore.http11 - DEBUG - receive_response_headers.complete return_value=(b'HTTP/1.1', 200, b'OK', [(b'Date', b'Wed, 02 Apr 2025 15:44:53 GMT'), (b'Content-Type', b'application/json; charset=utf-8'), (b'Content-Length', b'23'), (b'Connection', b'keep-alive'), (b'Strict-Transport-Security', b'max-age=15724800; includeSubDomains')])
2025-04-02 19:14:48,193 - httpx - INFO - HTTP Request: POST https://tapi.bale.ai/bot1975677609:uVT1f1Z5Kzf98eRtWypJdywA6lBAD1P4GeqbCMPT/getUpdates "HTTP/1.1 200 OK"
2025-04-02 19:14:48,193 - httpcore.http11 - DEBUG - receive_response_body.started request=<Request [b'POST']>
2025-04-02 19:14:48,193 - httpcore.http11 - DEBUG - receive_response_body.complete
2025-04-02 19:14:48,193 - httpcore.http11 - DEBUG - response_closed.started
2025-04-02 19:14:48,194 - httpcore.http11 - DEBUG - response_closed.complete
2025-04-02 19:14:48,194 - httpcore.http11 - DEBUG - send_request_headers.started request=<Request [b'POST']>
2025-04-02 19:14:48,195 - httpcore.http11 - DEBUG - send_request_headers.complete
2025-04-02 19:14:48,195 - httpcore.http11 - DEBUG - send_request_body.started request=<Request [b'POST']>
2025-04-02 19:14:48,195 - httpcore.http11 - DEBUG - send_request_body.complete
2025-04-02 19:14:48,196 - httpcore.http11 - DEBUG - receive_response_headers.started request=<Request [b'POST']>
2025-04-02 19:14:48,277 - httpcore.http11 - DEBUG - receive_response_headers.complete return_value=(b'HTTP/1.1', 200, b'OK', [(b'Date', b'Wed, 02 Apr 2025 15:44:53 GMT'), (b'Content-Type', b'application/json; charset=utf-8'), (b'Content-Length', b'23'), (b'Connection', b'keep-alive'), (b'Strict-Transport-Security', b'max-age=15724800; includeSubDomains')])
2025-04-02 19:14:48,278 - httpx - INFO - HTTP Request: POST https://tapi.bale.ai/bot1975677609:uVT1f1Z5Kzf98eRtWypJdywA6lBAD1P4GeqbCMPT/getUpdates "HTTP/1.1 200 OK"
2025-04-02 19:14:48,278 - httpcore.http11 - DEBUG - receive_response_body.started request=<Request [b'POST']>
2025-04-02 19:14:48,279 - httpcore.http11 - DEBUG - receive_response_body.complete
2025-04-02 19:14:48,279 - httpcore.http11 - DEBUG - response_closed.started
2025-04-02 19:14:48,279 - httpcore.http11 - DEBUG - response_closed.complete
2025-04-02 19:14:48,280 - httpcore.http11 - DEBUG - send_request_headers.started request=<Request [b'POST']>
2025-04-02 19:14:48,280 - httpcore.http11 - DEBUG - send_request_headers.complete
2025-04-02 19:14:48,281 - httpcore.http11 - DEBUG - send_request_body.started request=<Request [b'POST']>
2025-04-02 19:14:48,281 - httpcore.http11 - DEBUG - send_request_body.complete
2025-04-02 19:14:48,281 - httpcore.http11 - DEBUG - receive_response_headers.started request=<Request [b'POST']>
2025-04-02 19:14:48,369 - httpcore.http11 - DEBUG - receive_response_headers.complete return_value=(b'HTTP/1.1', 200, b'OK', [(b'Date', b'Wed, 02 Apr 2025 15:44:53 GMT'), (b'Content-Type', b'application/json; charset=utf-8'), (b'Content-Length', b'23'), (b'Connection', b'keep-alive'), (b'Strict-Transport-Security', b'max-age=15724800; includeSubDomains')])
2025-04-02 19:14:48,370 - httpx - INFO - HTTP Request: POST https://tapi.bale.ai/bot1975677609:uVT1f1Z5Kzf98eRtWypJdywA6lBAD1P4GeqbCMPT/getUpdates "HTTP/1.1 200 OK"
2025-04-02 19:14:48,370 - httpcore.http11 - DEBUG - receive_response_body.started request=<Request [b'POST']>
2025-04-02 19:14:48,370 - httpcore.http11 - DEBUG - receive_response_body.complete
2025-04-02 19:14:48,371 - httpcore.http11 - DEBUG - response_closed.started
2025-04-02 19:14:48,371 - httpcore.http11 - DEBUG - response_closed.complete
2025-04-02 19:14:48,371 - httpcore.http11 - DEBUG - send_request_headers.started request=<Request [b'POST']>
2025-04-02 19:14:48,372 - httpcore.http11 - DEBUG - send_request_headers.complete
2025-04-02 19:14:48,372 - httpcore.http11 - DEBUG - send_request_body.started request=<Request [b'POST']>
2025-04-02 19:14:48,372 - httpcore.http11 - DEBUG - send_request_body.complete
2025-04-02 19:14:48,373 - httpcore.http11 - DEBUG - receive_response_headers.started request=<Request [b'POST']>
2025-04-02 19:14:48,421 - httpcore.http11 - DEBUG - receive_response_headers.complete return_value=(b'HTTP/1.1', 200, b'OK', [(b'Date', b'Wed, 02 Apr 2025 15:44:54 GMT'), (b'Content-Type', b'application/json; charset=utf-8'), (b'Content-Length', b'23'), (b'Connection', b'keep-alive'), (b'Strict-Transport-Security', b'max-age=15724800; includeSubDomains')])
2025-04-02 19:14:48,421 - httpx - INFO - HTTP Request: POST https://tapi.bale.ai/bot1975677609:uVT1f1Z5Kzf98eRtWypJdywA6lBAD1P4GeqbCMPT/getUpdates "HTTP/1.1 200 OK"
2025-04-02 19:14:48,422 - httpcore.http11 - DEBUG - receive_response_body.started request=<Request [b'POST']>
2025-04-02 19:14:48,422 - httpcore.http11 - DEBUG - receive_response_body.complete
2025-04-02 19:14:48,422 - httpcore.http11 - DEBUG - response_closed.started
2025-04-02 19:14:48,422 - httpcore.http11 - DEBUG - response_closed.complete
2025-04-02 19:14:48,423 - httpcore.http11 - DEBUG - send_request_headers.started request=<Request [b'POST']>
2025-04-02 19:14:48,423 - httpcore.http11 - DEBUG - send_request_headers.complete
2025-04-02 19:14:48,423 - httpcore.http11 - DEBUG - send_request_body.started request=<Request [b'POST']>
2025-04-02 19:14:48,424 - httpcore.http11 - DEBUG - send_request_body.complete
2025-04-02 19:14:48,424 - httpcore.http11 - DEBUG - receive_response_headers.started request=<Request [b'POST']>
2025-04-02 19:14:48,484 - httpcore.http11 - DEBUG - receive_response_headers.complete return_value=(b'HTTP/1.1', 200, b'OK', [(b'Date', b'Wed, 02 Apr 2025 15:44:54 GMT'), (b'Content-Type', b'application/json; charset=utf-8'), (b'Content-Length', b'23'), (b'Connection', b'keep-alive'), (b'Strict-Transport-Security', b'max-age=15724800; includeSubDomains')])
2025-04-02 19:14:48,485 - httpx - INFO - HTTP Request: POST https://tapi.bale.ai/bot1975677609:uVT1f1Z5Kzf98eRtWypJdywA6lBAD1P4GeqbCMPT/getUpdates "HTTP/1.1 200 OK"
2025-04-02 19:14:48,485 - httpcore.http11 - DEBUG - receive_response_body.started request=<Request [b'POST']>
2025-04-02 19:14:48,485 - httpcore.http11 - DEBUG - receive_response_body.complete
2025-04-02 19:14:48,485 - httpcore.http11 - DEBUG - response_closed.started
2025-04-02 19:14:48,486 - httpcore.http11 - DEBUG - response_closed.complete
2025-04-02 19:14:48,486 - httpcore.http11 - DEBUG - send_request_headers.started request=<Request [b'POST']>
2025-04-02 19:14:48,486 - httpcore.http11 - DEBUG - send_request_headers.complete
2025-04-02 19:14:48,487 - httpcore.http11 - DEBUG - send_request_body.started request=<Request [b'POST']>
2025-04-02 19:14:48,487 - httpcore.http11 - DEBUG - send_request_body.complete
2025-04-02 19:14:48,487 - httpcore.http11 - DEBUG - receive_response_headers.started request=<Request [b'POST']>
2025-04-02 19:14:48,553 - httpcore.http11 - DEBUG - receive_response_headers.complete return_value=(b'HTTP/1.1', 200, b'OK', [(b'Date', b'Wed, 02 Apr 2025 15:44:54 GMT'), (b'Content-Type', b'application/json; charset=utf-8'), (b'Content-Length', b'23'), (b'Connection', b'keep-alive'), (b'Strict-Transport-Security', b'max-age=15724800; includeSubDomains')])
2025-04-02 19:14:48,554 - httpx - INFO - HTTP Request: POST https://tapi.bale.ai/bot1975677609:uVT1f1Z5Kzf98eRtWypJdywA6lBAD1P4GeqbCMPT/getUpdates "HTTP/1.1 200 OK"
2025-04-02 19:14:48,558 - httpcore.http11 - DEBUG - receive_response_body.started request=<Request [b'POST']>
2025-04-02 19:14:48,558 - httpcore.http11 - DEBUG - receive_response_body.complete
2025-04-02 19:14:48,558 - httpcore.http11 - DEBUG - response_closed.started
2025-04-02 19:14:48,559 - httpcore.http11 - DEBUG - response_closed.complete
2025-04-02 19:14:48,559 - httpcore.http11 - DEBUG - send_request_headers.started request=<Request [b'POST']>
2025-04-02 19:14:48,559 - httpcore.http11 - DEBUG - send_request_headers.complete
2025-04-02 19:14:48,560 - httpcore.http11 - DEBUG - send_request_body.started request=<Request [b'POST']>
2025-04-02 19:14:48,560 - httpcore.http11 - DEBUG - send_request_body.complete
2025-04-02 19:14:48,560 - httpcore.http11 - DEBUG - receive_response_headers.started request=<Request [b'POST']>
2025-04-02 19:14:48,604 - httpcore.http11 - DEBUG - receive_response_headers.complete return_value=(b'HTTP/1.1', 200, b'OK', [(b'Date', b'Wed, 02 Apr 2025 15:44:54 GMT'), (b'Content-Type', b'application/json; charset=utf-8'), (b'Content-Length', b'23'), (b'Connection', b'keep-alive'), (b'Strict-Transport-Security', b'max-age=15724800; includeSubDomains')])
2025-04-02 19:14:48,605 - httpx - INFO - HTTP Request: POST https://tapi.bale.ai/bot1975677609:uVT1f1Z5Kzf98eRtWypJdywA6lBAD1P4GeqbCMPT/getUpdates "HTTP/1.1 200 OK"
2025-04-02 19:14:48,605 - httpcore.http11 - DEBUG - receive_response_body.started request=<Request [b'POST']>
2025-04-02 19:14:48,605 - httpcore.http11 - DEBUG - receive_response_body.complete
2025-04-02 19:14:48,605 - httpcore.http11 - DEBUG - response_closed.started
2025-04-02 19:14:48,606 - httpcore.http11 - DEBUG - response_closed.complete
2025-04-02 19:14:48,606 - httpcore.http11 - DEBUG - send_request_headers.started request=<Request [b'POST']>
2025-04-02 19:14:48,607 - httpcore.http11 - DEBUG - send_request_headers.complete
2025-04-02 19:14:48,607 - httpcore.http11 - DEBUG - send_request_body.started request=<Request [b'POST']>
2025-04-02 19:14:48,607 - httpcore.http11 - DEBUG - send_request_body.complete
2025-04-02 19:14:48,607 - httpcore.http11 - DEBUG - receive_response_headers.started request=<Request [b'POST']>
2025-04-02 19:14:48,707 - httpcore.http11 - DEBUG - receive_response_headers.complete return_value=(b'HTTP/1.1', 200, b'OK', [(b'Date', b'Wed, 02 Apr 2025 15:44:54 GMT'), (b'Content-Type', b'application/json; charset=utf-8'), (b'Content-Length', b'23'), (b'Connection', b'keep-alive'), (b'Strict-Transport-Security', b'max-age=15724800; includeSubDomains')])
2025-04-02 19:14:48,708 - httpx - INFO - HTTP Request: POST https://tapi.bale.ai/bot1975677609:uVT1f1Z5Kzf98eRtWypJdywA6lBAD1P4GeqbCMPT/getUpdates "HTTP/1.1 200 OK"
2025-04-02 19:14:48,708 - httpcore.http11 - DEBUG - receive_response_body.started request=<Request [b'POST']>
2025-04-02 19:14:48,708 - httpcore.http11 - DEBUG - receive_response_body.complete
2025-04-02 19:14:48,709 - httpcore.http11 - DEBUG - response_closed.started
2025-04-02 19:14:48,709 - httpcore.http11 - DEBUG - response_closed.complete
2025-04-02 19:14:48,709 - httpcore.http11 - DEBUG - send_request_headers.started request=<Request [b'POST']>
2025-04-02 19:14:48,710 - httpcore.http11 - DEBUG - send_request_headers.complete
2025-04-02 19:14:48,710 - httpcore.http11 - DEBUG - send_request_body.started request=<Request [b'POST']>
2025-04-02 19:14:48,710 - httpcore.http11 - DEBUG - send_request_body.complete
2025-04-02 19:14:48,710 - httpcore.http11 - DEBUG - receive_response_headers.started request=<Request [b'POST']>
2025-04-02 19:14:48,834 - httpcore.http11 - DEBUG - receive_response_headers.complete return_value=(b'HTTP/1.1', 200, b'OK', [(b'Date', b'Wed, 02 Apr 2025 15:44:54 GMT'), (b'Content-Type', b'application/json; charset=utf-8'), (b'Content-Length', b'23'), (b'Connection', b'keep-alive'), (b'Strict-Transport-Security', b'max-age=15724800; includeSubDomains')])
2025-04-02 19:14:48,835 - httpx - INFO - HTTP Request: POST https://tapi.bale.ai/bot1975677609:uVT1f1Z5Kzf98eRtWypJdywA6lBAD1P4GeqbCMPT/getUpdates "HTTP/1.1 200 OK"
2025-04-02 19:14:48,835 - httpcore.http11 - DEBUG - receive_response_body.started request=<Request [b'POST']>
2025-04-02 19:14:48,835 - httpcore.http11 - DEBUG - receive_response_body.complete
2025-04-02 19:14:48,836 - httpcore.http11 - DEBUG - response_closed.started
2025-04-02 19:14:48,836 - httpcore.http11 - DEBUG - response_closed.complete
2025-04-02 19:14:48,836 - httpcore.http11 - DEBUG - send_request_headers.started request=<Request [b'POST']>
2025-04-02 19:14:48,836 - httpcore.http11 - DEBUG - send_request_headers.complete
2025-04-02 19:14:48,837 - httpcore.http11 - DEBUG - send_request_body.started request=<Request [b'POST']>
2025-04-02 19:14:48,837 - httpcore.http11 - DEBUG - send_request_body.complete
2025-04-02 19:14:48,837 - httpcore.http11 - DEBUG - receive_response_headers.started request=<Request [b'POST']>
2025-04-02 19:14:48,943 - httpcore.http11 - DEBUG - receive_response_headers.complete return_value=(b'HTTP/1.1', 200, b'OK', [(b'Date', b'Wed, 02 Apr 2025 15:44:54 GMT'), (b'Content-Type', b'application/json; charset=utf-8'), (b'Content-Length', b'23'), (b'Connection', b'keep-alive'), (b'Strict-Transport-Security', b'max-age=15724800; includeSubDomains')])
2025-04-02 19:14:48,944 - httpx - INFO - HTTP Request: POST https://tapi.bale.ai/bot1975677609:uVT1f1Z5Kzf98eRtWypJdywA6lBAD1P4GeqbCMPT/getUpdates "HTTP/1.1 200 OK"
2025-04-02 19:14:48,944 - httpcore.http11 - DEBUG - receive_response_body.started request=<Request [b'POST']>
2025-04-02 19:14:48,944 - httpcore.http11 - DEBUG - receive_response_body.complete
2025-04-02 19:14:48,945 - httpcore.http11 - DEBUG - response_closed.started
2025-04-02 19:14:48,945 - httpcore.http11 - DEBUG - response_closed.complete
2025-04-02 19:14:48,945 - httpcore.http11 - DEBUG - send_request_headers.started request=<Request [b'POST']>
2025-04-02 19:14:48,946 - httpcore.http11 - DEBUG - send_request_headers.complete
2025-04-02 19:14:48,946 - httpcore.http11 - DEBUG - send_request_body.started request=<Request [b'POST']>
2025-04-02 19:14:48,946 - httpcore.http11 - DEBUG - send_request_body.complete
2025-04-02 19:14:48,947 - httpcore.http11 - DEBUG - receive_response_headers.started request=<Request [b'POST']>
2025-04-02 19:14:49,074 - httpcore.http11 - DEBUG - receive_response_headers.complete return_value=(b'HTTP/1.1', 200, b'OK', [(b'Date', b'Wed, 02 Apr 2025 15:44:54 GMT'), (b'Content-Type', b'application/json; charset=utf-8'), (b'Content-Length', b'23'), (b'Connection', b'keep-alive'), (b'Strict-Transport-Security', b'max-age=15724800; includeSubDomains')])
2025-04-02 19:14:49,075 - httpx - INFO - HTTP Request: POST https://tapi.bale.ai/bot1975677609:uVT1f1Z5Kzf98eRtWypJdywA6lBAD1P4GeqbCMPT/getUpdates "HTTP/1.1 200 OK"
2025-04-02 19:14:49,075 - httpcore.http11 - DEBUG - receive_response_body.started request=<Request [b'POST']>
2025-04-02 19:14:49,075 - httpcore.http11 - DEBUG - receive_response_body.complete
2025-04-02 19:14:49,075 - httpcore.http11 - DEBUG - response_closed.started
2025-04-02 19:14:49,076 - httpcore.http11 - DEBUG - response_closed.complete
2025-04-02 19:14:49,076 - httpcore.http11 - DEBUG - send_request_headers.started request=<Request [b'POST']>
2025-04-02 19:14:49,077 - httpcore.http11 - DEBUG - send_request_headers.complete
2025-04-02 19:14:49,077 - httpcore.http11 - DEBUG - send_request_body.started request=<Request [b'POST']>
2025-04-02 19:14:49,077 - httpcore.http11 - DEBUG - send_request_body.complete
2025-04-02 19:14:49,077 - httpcore.http11 - DEBUG - receive_response_headers.started request=<Request [b'POST']>
2025-04-02 19:14:49,212 - httpcore.http11 - DEBUG - receive_response_headers.complete return_value=(b'HTTP/1.1', 200, b'OK', [(b'Date', b'Wed, 02 Apr 2025 15:44:54 GMT'), (b'Content-Type', b'application/json; charset=utf-8'), (b'Content-Length', b'23'), (b'Connection', b'keep-alive'), (b'Strict-Transport-Security', b'max-age=15724800; includeSubDomains')])
2025-04-02 19:14:49,213 - httpx - INFO - HTTP Request: POST https://tapi.bale.ai/bot1975677609:uVT1f1Z5Kzf98eRtWypJdywA6lBAD1P4GeqbCMPT/getUpdates "HTTP/1.1 200 OK"
2025-04-02 19:14:49,213 - httpcore.http11 - DEBUG - receive_response_body.started request=<Request [b'POST']>
2025-04-02 19:14:49,214 - httpcore.http11 - DEBUG - receive_response_body.complete
2025-04-02 19:14:49,214 - httpcore.http11 - DEBUG - response_closed.started
2025-04-02 19:14:49,214 - httpcore.http11 - DEBUG - response_closed.complete
2025-04-02 19:14:49,214 - httpcore.http11 - DEBUG - send_request_headers.started request=<Request [b'POST']>
2025-04-02 19:14:49,215 - httpcore.http11 - DEBUG - send_request_headers.complete
2025-04-02 19:14:49,215 - httpcore.http11 - DEBUG - send_request_body.started request=<Request [b'POST']>
2025-04-02 19:14:49,215 - httpcore.http11 - DEBUG - send_request_body.complete
2025-04-02 19:14:49,216 - httpcore.http11 - DEBUG - receive_response_headers.started request=<Request [b'POST']>
2025-04-02 19:14:49,308 - httpcore.http11 - DEBUG - receive_response_headers.failed exception=CancelledError()
2025-04-02 19:14:49,309 - httpcore.http11 - DEBUG - response_closed.started
2025-04-02 19:14:49,309 - httpcore.http11 - DEBUG - response_closed.complete
2025-04-02 19:14:49,311 - __main__ - INFO - ربات با موفقیت متوقف شد
2025-04-02 19:15:35,824 - asyncio - DEBUG - Using proactor: IocpProactor
2025-04-02 19:15:35,825 - __main__ - INFO - Starting bot with token: 1975677609...
2025-04-02 19:15:35,825 - __main__ - ERROR - Error running bot: 'NoneType' object has no attribute 'request'
2025-04-02 19:15:35,826 - __main__ - ERROR - Fatal error: Connection is already stopped
